<?xml version="1.0" encoding="UTF-8"?>
<!-- Generated by org.testng.reporters.JUnitXMLReporter -->
<testsuite hostname="DESKTOP-PT67GFP" ignored="1" name="Default test" tests="3" failures="0" timestamp="2020-09-26T23:39:28 IST" time="58.578" errors="0">
  <testcase name="loginTestExecution" time="12.787" classname="tests.TestCases"/>
  <testcase name="addToCardTestExecution" time="34.867" classname="tests.TestCases"/>
  <testcase name="verifyProfileOrder" time="6.966" classname="tests.TestCases"/>
  <testcase name="accountCreateExcecution" time="0.0" classname="tests.TestCases">
    <ignored/>
  </testcase> <!-- accountCreateExcecution -->
</testsuite> <!-- Default test -->
