<?xml version="1.0" encoding="UTF-8"?>
<!-- Generated by org.testng.reporters.JUnitXMLReporter -->
<testsuite hostname="DESKTOP-PT67GFP" ignored="1" name="Test" tests="3" failures="0" timestamp="2020-09-27T00:14:50 IST" time="49.785" errors="0">
  <testcase name="loginTestExecution" time="11.775" classname="tests.TestCases"/>
  <testcase name="addToCardTestExecution" time="29.122" classname="tests.TestCases"/>
  <testcase name="verifyProfileOrder" time="5.51" classname="tests.TestCases"/>
  <testcase name="accountCreateExcecution" time="0.0" classname="tests.TestCases">
    <ignored/>
  </testcase> <!-- accountCreateExcecution -->
</testsuite> <!-- Test -->
